{
  "uid" : "3913e2681aeee7f5",
  "name" : "Browse acutesttraining PUBLICA‌-1 issue (should fail) -- @1.2 ",
  "historyId" : "6c9de2d5c91310142320064a7e1c0a09",
  "time" : {
    "start" : 1592213470504,
    "stop" : 1592213472657,
    "duration" : 2153
  },
  "status" : "failed",
  "statusMessage" : "AssertionError: 'Sample issue 20180615T1711' != 'Sample issue XXXXXXXX'\n- Sample issue 20180615T1711\n+ Sample issue XXXXXXXX\n\n",
  "statusTrace" : "  File \"c:\\users\\george-cooper\\appdata\\local\\programs\\python\\python38-32\\lib\\site-packages\\behave\\model.py\", line 1329, in run\n    match.run(runner.context)\n  File \"c:\\users\\george-cooper\\appdata\\local\\programs\\python\\python38-32\\lib\\site-packages\\behave\\matchers.py\", line 98, in run\n    self.func(context, *args, **kwargs)\n  File \"features\\steps\\jira_issue_steps.py\", line 19, in step_impl\n    assert_equal (context.issue_page.get_title(), expected_text)\n  File \"c:\\users\\george-cooper\\appdata\\local\\programs\\python\\python38-32\\lib\\unittest\\case.py\", line 912, in assertEqual\n    assertion_func(first, second, msg=msg)\n  File \"c:\\users\\george-cooper\\appdata\\local\\programs\\python\\python38-32\\lib\\unittest\\case.py\", line 1292, in assertMultiLineEqual\n    self.fail(self._formatMessage(msg, standardMsg))\n  File \"c:\\users\\george-cooper\\appdata\\local\\programs\\python\\python38-32\\lib\\unittest\\case.py\", line 753, in fail\n    raise self.failureException(msg)\n",
  "flaky" : false,
  "newFailed" : false,
  "beforeStages" : [ ],
  "testStage" : {
    "status" : "failed",
    "statusMessage" : "AssertionError: 'Sample issue 20180615T1711' != 'Sample issue XXXXXXXX'\n- Sample issue 20180615T1711\n+ Sample issue XXXXXXXX\n\n",
    "statusTrace" : "  File \"c:\\users\\george-cooper\\appdata\\local\\programs\\python\\python38-32\\lib\\site-packages\\behave\\model.py\", line 1329, in run\n    match.run(runner.context)\n  File \"c:\\users\\george-cooper\\appdata\\local\\programs\\python\\python38-32\\lib\\site-packages\\behave\\matchers.py\", line 98, in run\n    self.func(context, *args, **kwargs)\n  File \"features\\steps\\jira_issue_steps.py\", line 19, in step_impl\n    assert_equal (context.issue_page.get_title(), expected_text)\n  File \"c:\\users\\george-cooper\\appdata\\local\\programs\\python\\python38-32\\lib\\unittest\\case.py\", line 912, in assertEqual\n    assertion_func(first, second, msg=msg)\n  File \"c:\\users\\george-cooper\\appdata\\local\\programs\\python\\python38-32\\lib\\unittest\\case.py\", line 1292, in assertMultiLineEqual\n    self.fail(self._formatMessage(msg, standardMsg))\n  File \"c:\\users\\george-cooper\\appdata\\local\\programs\\python\\python38-32\\lib\\unittest\\case.py\", line 753, in fail\n    raise self.failureException(msg)\n",
    "steps" : [ {
      "name" : "Given the Jira Cloud instance acutesttraining has a publicly accessible project with issuekey \"PUBLICA‌-1\"",
      "time" : {
        "start" : 1592213470505,
        "stop" : 1592213470506,
        "duration" : 1
      },
      "status" : "passed",
      "steps" : [ ],
      "attachments" : [ ],
      "parameters" : [ ],
      "attachmentsCount" : 0,
      "shouldDisplayMessage" : false,
      "hasContent" : false,
      "stepsCount" : 0
    }, {
      "name" : "When CDAF test visits the url \"https://acutesttraining.atlassian.net/browse/PUBLICA-1?oldIssueView=true\" without logging in",
      "time" : {
        "start" : 1592213470506,
        "stop" : 1592213472620,
        "duration" : 2114
      },
      "status" : "passed",
      "steps" : [ ],
      "attachments" : [ ],
      "parameters" : [ ],
      "attachmentsCount" : 0,
      "shouldDisplayMessage" : false,
      "hasContent" : false,
      "stepsCount" : 0
    }, {
      "name" : "Then the page title is \"Sample issue XXXXXXXX\"",
      "time" : {
        "start" : 1592213472621,
        "stop" : 1592213472657,
        "duration" : 36
      },
      "status" : "failed",
      "statusMessage" : "AssertionError: 'Sample issue 20180615T1711' != 'Sample issue XXXXXXXX'\n- Sample issue 20180615T1711\n+ Sample issue XXXXXXXX\n\n",
      "statusTrace" : "  File \"c:\\users\\george-cooper\\appdata\\local\\programs\\python\\python38-32\\lib\\site-packages\\behave\\model.py\", line 1329, in run\n    match.run(runner.context)\n  File \"c:\\users\\george-cooper\\appdata\\local\\programs\\python\\python38-32\\lib\\site-packages\\behave\\matchers.py\", line 98, in run\n    self.func(context, *args, **kwargs)\n  File \"features\\steps\\jira_issue_steps.py\", line 19, in step_impl\n    assert_equal (context.issue_page.get_title(), expected_text)\n  File \"c:\\users\\george-cooper\\appdata\\local\\programs\\python\\python38-32\\lib\\unittest\\case.py\", line 912, in assertEqual\n    assertion_func(first, second, msg=msg)\n  File \"c:\\users\\george-cooper\\appdata\\local\\programs\\python\\python38-32\\lib\\unittest\\case.py\", line 1292, in assertMultiLineEqual\n    self.fail(self._formatMessage(msg, standardMsg))\n  File \"c:\\users\\george-cooper\\appdata\\local\\programs\\python\\python38-32\\lib\\unittest\\case.py\", line 753, in fail\n    raise self.failureException(msg)\n",
      "steps" : [ ],
      "attachments" : [ ],
      "parameters" : [ ],
      "attachmentsCount" : 0,
      "shouldDisplayMessage" : true,
      "hasContent" : true,
      "stepsCount" : 0
    } ],
    "attachments" : [ ],
    "parameters" : [ ],
    "attachmentsCount" : 0,
    "shouldDisplayMessage" : false,
    "hasContent" : true,
    "stepsCount" : 3
  },
  "afterStages" : [ ],
  "labels" : [ {
    "name" : "severity",
    "value" : "normal"
  }, {
    "name" : "tag",
    "value" : "build-test"
  }, {
    "name" : "tag",
    "value" : "should-fail"
  }, {
    "name" : "tag",
    "value" : "web"
  }, {
    "name" : "feature",
    "value" : "Webdriver PUBLICA browser tests"
  }, {
    "name" : "framework",
    "value" : "behave"
  }, {
    "name" : "language",
    "value" : "cpython3"
  }, {
    "name" : "resultFormat",
    "value" : "allure2"
  } ],
  "parameters" : [ {
    "name" : "issue",
    "value" : "Sample issue XXXXXXXX"
  } ],
  "links" : [ ],
  "hidden" : false,
  "retry" : false,
  "extra" : {
    "severity" : "normal",
    "retries" : [ {
      "uid" : "f1fe5d8718fc9a39",
      "status" : "failed",
      "statusDetails" : "AssertionError: 'Sample issue 20180615T1711' != 'Sample issue XXXXXXXX'\n- Sample issue 20180615T1711\n+ Sample issue XXXXXXXX\n\n",
      "time" : {
        "start" : 1591953789200,
        "stop" : 1591953791524,
        "duration" : 2324
      }
    }, {
      "uid" : "9e4fc357986e864a",
      "status" : "failed",
      "statusDetails" : "AssertionError: 'Sample issue 20180615T1711' != 'Sample issue XXXXXXXX'\n- Sample issue 20180615T1711\n+ Sample issue XXXXXXXX\n\n",
      "time" : {
        "start" : 1591869520099,
        "stop" : 1591869522484,
        "duration" : 2385
      }
    }, {
      "uid" : "62cbbbbee515a332",
      "status" : "failed",
      "statusDetails" : "AssertionError: 'Sample issue 20180615T1711' != 'Sample issue XXXXXXXX'\n- Sample issue 20180615T1711\n+ Sample issue XXXXXXXX\n\n",
      "time" : {
        "start" : 1591784665093,
        "stop" : 1591784667381,
        "duration" : 2288
      }
    }, {
      "uid" : "571888ce1ae9b9e1",
      "status" : "failed",
      "statusDetails" : "AssertionError: 'Sample issue 20180615T1711' != 'Sample issue XXXXXXXX'\n- Sample issue 20180615T1711\n+ Sample issue XXXXXXXX\n\n",
      "time" : {
        "start" : 1591699033024,
        "stop" : 1591699035660,
        "duration" : 2636
      }
    }, {
      "uid" : "a8492ec808819616",
      "status" : "failed",
      "statusDetails" : "AssertionError: 'Sample issue 20180615T1711' != 'Sample issue XXXXXXXX'\n- Sample issue 20180615T1711\n+ Sample issue XXXXXXXX\n\n",
      "time" : {
        "start" : 1591606837074,
        "stop" : 1591606839803,
        "duration" : 2729
      }
    }, {
      "uid" : "d3adc84f97def96",
      "status" : "failed",
      "statusDetails" : "AssertionError: 'Sample issue 20180615T1711' != 'Sample issue XXXXXXXX'\n- Sample issue 20180615T1711\n+ Sample issue XXXXXXXX\n\n",
      "time" : {
        "start" : 1591371899972,
        "stop" : 1591371902090,
        "duration" : 2118
      }
    }, {
      "uid" : "827a960917aa56f9",
      "status" : "failed",
      "statusDetails" : "AssertionError: 'Sample issue 20180615T1711' != 'Sample issue XXXXXXXX'\n- Sample issue 20180615T1711\n+ Sample issue XXXXXXXX\n\n",
      "time" : {
        "start" : 1591363740677,
        "stop" : 1591363743155,
        "duration" : 2478
      }
    }, {
      "uid" : "f3c0fb81fb72c0b0",
      "status" : "failed",
      "statusDetails" : "AssertionError: 'Sample issue 20180615T1711' != 'Sample issue XXXXXXXX'\n- Sample issue 20180615T1711\n+ Sample issue XXXXXXXX\n\n",
      "time" : {
        "start" : 1591351027786,
        "stop" : 1591351030524,
        "duration" : 2738
      }
    }, {
      "uid" : "efb0f7bb2117cfe1",
      "status" : "failed",
      "statusDetails" : "AssertionError: 'Sample issue 20180615T1711' != 'Sample issue XXXXXXXX'\n- Sample issue 20180615T1711\n+ Sample issue XXXXXXXX\n\n",
      "time" : {
        "start" : 1591262877665,
        "stop" : 1591262879951,
        "duration" : 2286
      }
    }, {
      "uid" : "db37ffa7c99989d0",
      "status" : "failed",
      "statusDetails" : "AssertionError: 'Sample issue 20180615T1711' != 'Sample issue XXXXXXXX'\n- Sample issue 20180615T1711\n+ Sample issue XXXXXXXX\n\n",
      "time" : {
        "start" : 1591196836365,
        "stop" : 1591196838794,
        "duration" : 2429
      }
    }, {
      "uid" : "441428f8054d198d",
      "status" : "broken",
      "statusDetails" : "selenium.common.exceptions.TimeoutException: Message: timeout: Timed out receiving message from renderer: 30.000\n  (Session info: chrome=83.0.4103.61)\n\n",
      "time" : {
        "start" : 1591194892180,
        "stop" : 1591194922187,
        "duration" : 30007
      }
    }, {
      "uid" : "ba8734c5e72a27e4",
      "status" : "failed",
      "statusDetails" : "AssertionError: 'Sample issue 20180615T1711' != 'Sample issue XXXXXXXX'\n- Sample issue 20180615T1711\n+ Sample issue XXXXXXXX\n\n",
      "time" : {
        "start" : 1590743339145,
        "stop" : 1590743341203,
        "duration" : 2058
      }
    }, {
      "uid" : "be7065e2a712374d",
      "status" : "failed",
      "statusDetails" : "AssertionError: 'Sample issue 20180615T1711' != 'Sample issue XXXXXXXX'\n- Sample issue 20180615T1711\n+ Sample issue XXXXXXXX\n\n",
      "time" : {
        "start" : 1590682949238,
        "stop" : 1590682951596,
        "duration" : 2358
      }
    }, {
      "uid" : "b493c6a358195414",
      "status" : "failed",
      "statusDetails" : "AssertionError: 'Sample issue 20180615T1711' != 'Sample issue XXXXXXXX'\n- Sample issue 20180615T1711\n+ Sample issue XXXXXXXX\n\n",
      "time" : {
        "start" : 1590682798467,
        "stop" : 1590682800257,
        "duration" : 1790
      }
    } ],
    "categories" : [ {
      "name" : "Product defects",
      "matchedStatuses" : [ ],
      "flaky" : false
    } ],
    "tags" : [ "build-test", "web", "should-fail" ]
  },
  "source" : "3913e2681aeee7f5.json",
  "parameterValues" : [ "Sample issue XXXXXXXX" ]
}