{
  "uid" : "598071f846815bc3",
  "name" : "Browse acutesttraining PUBLICA‌-1 issue (should fail) -- @1.2 ",
  "historyId" : "6c9de2d5c91310142320064a7e1c0a09",
  "time" : {
    "start" : 1592387832537,
    "stop" : 1592387834735,
    "duration" : 2198
  },
  "status" : "failed",
  "statusMessage" : "AssertionError: 'Sample issue 20180615T1711' != 'Sample issue XXXXXXXX'\n- Sample issue 20180615T1711\n+ Sample issue XXXXXXXX\n\n",
  "statusTrace" : "  File \"c:\\users\\george-cooper\\appdata\\local\\programs\\python\\python38-32\\lib\\site-packages\\behave\\model.py\", line 1329, in run\n    match.run(runner.context)\n  File \"c:\\users\\george-cooper\\appdata\\local\\programs\\python\\python38-32\\lib\\site-packages\\behave\\matchers.py\", line 98, in run\n    self.func(context, *args, **kwargs)\n  File \"features\\steps\\jira_issue_steps.py\", line 19, in step_impl\n    assert_equal (context.issue_page.get_title(), expected_text)\n  File \"c:\\users\\george-cooper\\appdata\\local\\programs\\python\\python38-32\\lib\\unittest\\case.py\", line 912, in assertEqual\n    assertion_func(first, second, msg=msg)\n  File \"c:\\users\\george-cooper\\appdata\\local\\programs\\python\\python38-32\\lib\\unittest\\case.py\", line 1292, in assertMultiLineEqual\n    self.fail(self._formatMessage(msg, standardMsg))\n  File \"c:\\users\\george-cooper\\appdata\\local\\programs\\python\\python38-32\\lib\\unittest\\case.py\", line 753, in fail\n    raise self.failureException(msg)\n",
  "flaky" : false,
  "newFailed" : false,
  "beforeStages" : [ ],
  "testStage" : {
    "status" : "failed",
    "statusMessage" : "AssertionError: 'Sample issue 20180615T1711' != 'Sample issue XXXXXXXX'\n- Sample issue 20180615T1711\n+ Sample issue XXXXXXXX\n\n",
    "statusTrace" : "  File \"c:\\users\\george-cooper\\appdata\\local\\programs\\python\\python38-32\\lib\\site-packages\\behave\\model.py\", line 1329, in run\n    match.run(runner.context)\n  File \"c:\\users\\george-cooper\\appdata\\local\\programs\\python\\python38-32\\lib\\site-packages\\behave\\matchers.py\", line 98, in run\n    self.func(context, *args, **kwargs)\n  File \"features\\steps\\jira_issue_steps.py\", line 19, in step_impl\n    assert_equal (context.issue_page.get_title(), expected_text)\n  File \"c:\\users\\george-cooper\\appdata\\local\\programs\\python\\python38-32\\lib\\unittest\\case.py\", line 912, in assertEqual\n    assertion_func(first, second, msg=msg)\n  File \"c:\\users\\george-cooper\\appdata\\local\\programs\\python\\python38-32\\lib\\unittest\\case.py\", line 1292, in assertMultiLineEqual\n    self.fail(self._formatMessage(msg, standardMsg))\n  File \"c:\\users\\george-cooper\\appdata\\local\\programs\\python\\python38-32\\lib\\unittest\\case.py\", line 753, in fail\n    raise self.failureException(msg)\n",
    "steps" : [ {
      "name" : "Given the Jira Cloud instance acutesttraining has a publicly accessible project with issuekey \"PUBLICA‌-1\"",
      "time" : {
        "start" : 1592387832538,
        "stop" : 1592387832539,
        "duration" : 1
      },
      "status" : "passed",
      "steps" : [ ],
      "attachments" : [ ],
      "parameters" : [ ],
      "shouldDisplayMessage" : false,
      "attachmentsCount" : 0,
      "stepsCount" : 0,
      "hasContent" : false
    }, {
      "name" : "When CDAF test visits the url \"https://acutesttraining.atlassian.net/browse/PUBLICA-1?oldIssueView=true\" without logging in",
      "time" : {
        "start" : 1592387832539,
        "stop" : 1592387834701,
        "duration" : 2162
      },
      "status" : "passed",
      "steps" : [ ],
      "attachments" : [ ],
      "parameters" : [ ],
      "shouldDisplayMessage" : false,
      "attachmentsCount" : 0,
      "stepsCount" : 0,
      "hasContent" : false
    }, {
      "name" : "Then the page title is \"Sample issue XXXXXXXX\"",
      "time" : {
        "start" : 1592387834701,
        "stop" : 1592387834735,
        "duration" : 34
      },
      "status" : "failed",
      "statusMessage" : "AssertionError: 'Sample issue 20180615T1711' != 'Sample issue XXXXXXXX'\n- Sample issue 20180615T1711\n+ Sample issue XXXXXXXX\n\n",
      "statusTrace" : "  File \"c:\\users\\george-cooper\\appdata\\local\\programs\\python\\python38-32\\lib\\site-packages\\behave\\model.py\", line 1329, in run\n    match.run(runner.context)\n  File \"c:\\users\\george-cooper\\appdata\\local\\programs\\python\\python38-32\\lib\\site-packages\\behave\\matchers.py\", line 98, in run\n    self.func(context, *args, **kwargs)\n  File \"features\\steps\\jira_issue_steps.py\", line 19, in step_impl\n    assert_equal (context.issue_page.get_title(), expected_text)\n  File \"c:\\users\\george-cooper\\appdata\\local\\programs\\python\\python38-32\\lib\\unittest\\case.py\", line 912, in assertEqual\n    assertion_func(first, second, msg=msg)\n  File \"c:\\users\\george-cooper\\appdata\\local\\programs\\python\\python38-32\\lib\\unittest\\case.py\", line 1292, in assertMultiLineEqual\n    self.fail(self._formatMessage(msg, standardMsg))\n  File \"c:\\users\\george-cooper\\appdata\\local\\programs\\python\\python38-32\\lib\\unittest\\case.py\", line 753, in fail\n    raise self.failureException(msg)\n",
      "steps" : [ ],
      "attachments" : [ ],
      "parameters" : [ ],
      "shouldDisplayMessage" : true,
      "attachmentsCount" : 0,
      "stepsCount" : 0,
      "hasContent" : true
    } ],
    "attachments" : [ ],
    "parameters" : [ ],
    "shouldDisplayMessage" : false,
    "attachmentsCount" : 0,
    "stepsCount" : 3,
    "hasContent" : true
  },
  "afterStages" : [ ],
  "labels" : [ {
    "name" : "severity",
    "value" : "normal"
  }, {
    "name" : "tag",
    "value" : "build-test"
  }, {
    "name" : "tag",
    "value" : "should-fail"
  }, {
    "name" : "tag",
    "value" : "web"
  }, {
    "name" : "feature",
    "value" : "Webdriver PUBLICA browser tests"
  }, {
    "name" : "framework",
    "value" : "behave"
  }, {
    "name" : "language",
    "value" : "cpython3"
  }, {
    "name" : "resultFormat",
    "value" : "allure2"
  } ],
  "parameters" : [ {
    "name" : "issue",
    "value" : "Sample issue XXXXXXXX"
  } ],
  "links" : [ ],
  "hidden" : false,
  "retry" : false,
  "extra" : {
    "severity" : "normal",
    "retries" : [ {
      "uid" : "676a4ada82ddee24",
      "status" : "failed",
      "statusDetails" : "AssertionError: 'Sample issue 20180615T1711' != 'Sample issue XXXXXXXX'\n- Sample issue 20180615T1711\n+ Sample issue XXXXXXXX\n\n",
      "time" : {
        "start" : 1592302468233,
        "stop" : 1592302471054,
        "duration" : 2821
      }
    }, {
      "uid" : "781467d41fefa622",
      "status" : "failed",
      "statusDetails" : "AssertionError: 'Sample issue 20180615T1711' != 'Sample issue XXXXXXXX'\n- Sample issue 20180615T1711\n+ Sample issue XXXXXXXX\n\n",
      "time" : {
        "start" : 1592213470504,
        "stop" : 1592213472657,
        "duration" : 2153
      }
    }, {
      "uid" : "d985e5b6abe53f3",
      "status" : "failed",
      "statusDetails" : "AssertionError: 'Sample issue 20180615T1711' != 'Sample issue XXXXXXXX'\n- Sample issue 20180615T1711\n+ Sample issue XXXXXXXX\n\n",
      "time" : {
        "start" : 1591953789200,
        "stop" : 1591953791524,
        "duration" : 2324
      }
    }, {
      "uid" : "9e39efd5667e9861",
      "status" : "failed",
      "statusDetails" : "AssertionError: 'Sample issue 20180615T1711' != 'Sample issue XXXXXXXX'\n- Sample issue 20180615T1711\n+ Sample issue XXXXXXXX\n\n",
      "time" : {
        "start" : 1591869520099,
        "stop" : 1591869522484,
        "duration" : 2385
      }
    }, {
      "uid" : "4cd23df447848161",
      "status" : "failed",
      "statusDetails" : "AssertionError: 'Sample issue 20180615T1711' != 'Sample issue XXXXXXXX'\n- Sample issue 20180615T1711\n+ Sample issue XXXXXXXX\n\n",
      "time" : {
        "start" : 1591784665093,
        "stop" : 1591784667381,
        "duration" : 2288
      }
    }, {
      "uid" : "245cee6258b2b944",
      "status" : "failed",
      "statusDetails" : "AssertionError: 'Sample issue 20180615T1711' != 'Sample issue XXXXXXXX'\n- Sample issue 20180615T1711\n+ Sample issue XXXXXXXX\n\n",
      "time" : {
        "start" : 1591699033024,
        "stop" : 1591699035660,
        "duration" : 2636
      }
    }, {
      "uid" : "4d45e882c4c3257",
      "status" : "failed",
      "statusDetails" : "AssertionError: 'Sample issue 20180615T1711' != 'Sample issue XXXXXXXX'\n- Sample issue 20180615T1711\n+ Sample issue XXXXXXXX\n\n",
      "time" : {
        "start" : 1591606837074,
        "stop" : 1591606839803,
        "duration" : 2729
      }
    }, {
      "uid" : "882dc47e4b9caa10",
      "status" : "failed",
      "statusDetails" : "AssertionError: 'Sample issue 20180615T1711' != 'Sample issue XXXXXXXX'\n- Sample issue 20180615T1711\n+ Sample issue XXXXXXXX\n\n",
      "time" : {
        "start" : 1591371899972,
        "stop" : 1591371902090,
        "duration" : 2118
      }
    }, {
      "uid" : "897b51404edf360f",
      "status" : "failed",
      "statusDetails" : "AssertionError: 'Sample issue 20180615T1711' != 'Sample issue XXXXXXXX'\n- Sample issue 20180615T1711\n+ Sample issue XXXXXXXX\n\n",
      "time" : {
        "start" : 1591363740677,
        "stop" : 1591363743155,
        "duration" : 2478
      }
    }, {
      "uid" : "805e527040c0e135",
      "status" : "failed",
      "statusDetails" : "AssertionError: 'Sample issue 20180615T1711' != 'Sample issue XXXXXXXX'\n- Sample issue 20180615T1711\n+ Sample issue XXXXXXXX\n\n",
      "time" : {
        "start" : 1591351027786,
        "stop" : 1591351030524,
        "duration" : 2738
      }
    }, {
      "uid" : "35159488f9beac1c",
      "status" : "failed",
      "statusDetails" : "AssertionError: 'Sample issue 20180615T1711' != 'Sample issue XXXXXXXX'\n- Sample issue 20180615T1711\n+ Sample issue XXXXXXXX\n\n",
      "time" : {
        "start" : 1591262877665,
        "stop" : 1591262879951,
        "duration" : 2286
      }
    }, {
      "uid" : "56d83db5c49dcc2c",
      "status" : "failed",
      "statusDetails" : "AssertionError: 'Sample issue 20180615T1711' != 'Sample issue XXXXXXXX'\n- Sample issue 20180615T1711\n+ Sample issue XXXXXXXX\n\n",
      "time" : {
        "start" : 1591196836365,
        "stop" : 1591196838794,
        "duration" : 2429
      }
    }, {
      "uid" : "7d77ec6156412dbb",
      "status" : "broken",
      "statusDetails" : "selenium.common.exceptions.TimeoutException: Message: timeout: Timed out receiving message from renderer: 30.000\n  (Session info: chrome=83.0.4103.61)\n\n",
      "time" : {
        "start" : 1591194892180,
        "stop" : 1591194922187,
        "duration" : 30007
      }
    }, {
      "uid" : "1d2f3cfc6ce79bc6",
      "status" : "failed",
      "statusDetails" : "AssertionError: 'Sample issue 20180615T1711' != 'Sample issue XXXXXXXX'\n- Sample issue 20180615T1711\n+ Sample issue XXXXXXXX\n\n",
      "time" : {
        "start" : 1590743339145,
        "stop" : 1590743341203,
        "duration" : 2058
      }
    }, {
      "uid" : "cd85f6f9eca61d07",
      "status" : "failed",
      "statusDetails" : "AssertionError: 'Sample issue 20180615T1711' != 'Sample issue XXXXXXXX'\n- Sample issue 20180615T1711\n+ Sample issue XXXXXXXX\n\n",
      "time" : {
        "start" : 1590682949238,
        "stop" : 1590682951596,
        "duration" : 2358
      }
    }, {
      "uid" : "eb250442f85bb203",
      "status" : "failed",
      "statusDetails" : "AssertionError: 'Sample issue 20180615T1711' != 'Sample issue XXXXXXXX'\n- Sample issue 20180615T1711\n+ Sample issue XXXXXXXX\n\n",
      "time" : {
        "start" : 1590682798467,
        "stop" : 1590682800257,
        "duration" : 1790
      }
    } ],
    "categories" : [ {
      "name" : "Product defects",
      "matchedStatuses" : [ ],
      "flaky" : false
    } ],
    "tags" : [ "build-test", "web", "should-fail" ]
  },
  "source" : "598071f846815bc3.json",
  "parameterValues" : [ "Sample issue XXXXXXXX" ]
}