{
  "uid" : "bc39f166b4d54cfb",
  "name" : "Browse acutesttraining PUBLICA‌-1 issue -- @1.2 ",
  "historyId" : "adc58b85adb6be9544708a9ae3c4dc6f",
  "time" : {
    "start" : 1592387827123,
    "stop" : 1592387829892,
    "duration" : 2769
  },
  "status" : "failed",
  "statusMessage" : "AssertionError: 'Sample issue 20180615T1711' != '123'\n- Sample issue 20180615T1711\n+ 123\n\n",
  "statusTrace" : "  File \"c:\\users\\george-cooper\\appdata\\local\\programs\\python\\python38-32\\lib\\site-packages\\behave\\model.py\", line 1329, in run\n    match.run(runner.context)\n  File \"c:\\users\\george-cooper\\appdata\\local\\programs\\python\\python38-32\\lib\\site-packages\\behave\\matchers.py\", line 98, in run\n    self.func(context, *args, **kwargs)\n  File \"features\\steps\\jira_issue_steps.py\", line 19, in step_impl\n    assert_equal (context.issue_page.get_title(), expected_text)\n  File \"c:\\users\\george-cooper\\appdata\\local\\programs\\python\\python38-32\\lib\\unittest\\case.py\", line 912, in assertEqual\n    assertion_func(first, second, msg=msg)\n  File \"c:\\users\\george-cooper\\appdata\\local\\programs\\python\\python38-32\\lib\\unittest\\case.py\", line 1292, in assertMultiLineEqual\n    self.fail(self._formatMessage(msg, standardMsg))\n  File \"c:\\users\\george-cooper\\appdata\\local\\programs\\python\\python38-32\\lib\\unittest\\case.py\", line 753, in fail\n    raise self.failureException(msg)\n",
  "flaky" : false,
  "newFailed" : false,
  "beforeStages" : [ ],
  "testStage" : {
    "status" : "failed",
    "statusMessage" : "AssertionError: 'Sample issue 20180615T1711' != '123'\n- Sample issue 20180615T1711\n+ 123\n\n",
    "statusTrace" : "  File \"c:\\users\\george-cooper\\appdata\\local\\programs\\python\\python38-32\\lib\\site-packages\\behave\\model.py\", line 1329, in run\n    match.run(runner.context)\n  File \"c:\\users\\george-cooper\\appdata\\local\\programs\\python\\python38-32\\lib\\site-packages\\behave\\matchers.py\", line 98, in run\n    self.func(context, *args, **kwargs)\n  File \"features\\steps\\jira_issue_steps.py\", line 19, in step_impl\n    assert_equal (context.issue_page.get_title(), expected_text)\n  File \"c:\\users\\george-cooper\\appdata\\local\\programs\\python\\python38-32\\lib\\unittest\\case.py\", line 912, in assertEqual\n    assertion_func(first, second, msg=msg)\n  File \"c:\\users\\george-cooper\\appdata\\local\\programs\\python\\python38-32\\lib\\unittest\\case.py\", line 1292, in assertMultiLineEqual\n    self.fail(self._formatMessage(msg, standardMsg))\n  File \"c:\\users\\george-cooper\\appdata\\local\\programs\\python\\python38-32\\lib\\unittest\\case.py\", line 753, in fail\n    raise self.failureException(msg)\n",
    "steps" : [ {
      "name" : "Given the Jira Cloud instance acutesttraining has a publicly accessible project with issuekey \"PUBLICA‌-1\"",
      "time" : {
        "start" : 1592387827124,
        "stop" : 1592387827124,
        "duration" : 0
      },
      "status" : "passed",
      "steps" : [ ],
      "attachments" : [ ],
      "parameters" : [ ],
      "shouldDisplayMessage" : false,
      "attachmentsCount" : 0,
      "stepsCount" : 0,
      "hasContent" : false
    }, {
      "name" : "When CDAF test visits the url \"https://acutesttraining.atlassian.net/browse/PUBLICA-1?oldIssueView=true\" without logging in",
      "time" : {
        "start" : 1592387827124,
        "stop" : 1592387829777,
        "duration" : 2653
      },
      "status" : "passed",
      "steps" : [ ],
      "attachments" : [ ],
      "parameters" : [ ],
      "shouldDisplayMessage" : false,
      "attachmentsCount" : 0,
      "stepsCount" : 0,
      "hasContent" : false
    }, {
      "name" : "Then the page title is \"123\"",
      "time" : {
        "start" : 1592387829778,
        "stop" : 1592387829891,
        "duration" : 113
      },
      "status" : "failed",
      "statusMessage" : "AssertionError: 'Sample issue 20180615T1711' != '123'\n- Sample issue 20180615T1711\n+ 123\n\n",
      "statusTrace" : "  File \"c:\\users\\george-cooper\\appdata\\local\\programs\\python\\python38-32\\lib\\site-packages\\behave\\model.py\", line 1329, in run\n    match.run(runner.context)\n  File \"c:\\users\\george-cooper\\appdata\\local\\programs\\python\\python38-32\\lib\\site-packages\\behave\\matchers.py\", line 98, in run\n    self.func(context, *args, **kwargs)\n  File \"features\\steps\\jira_issue_steps.py\", line 19, in step_impl\n    assert_equal (context.issue_page.get_title(), expected_text)\n  File \"c:\\users\\george-cooper\\appdata\\local\\programs\\python\\python38-32\\lib\\unittest\\case.py\", line 912, in assertEqual\n    assertion_func(first, second, msg=msg)\n  File \"c:\\users\\george-cooper\\appdata\\local\\programs\\python\\python38-32\\lib\\unittest\\case.py\", line 1292, in assertMultiLineEqual\n    self.fail(self._formatMessage(msg, standardMsg))\n  File \"c:\\users\\george-cooper\\appdata\\local\\programs\\python\\python38-32\\lib\\unittest\\case.py\", line 753, in fail\n    raise self.failureException(msg)\n",
      "steps" : [ ],
      "attachments" : [ ],
      "parameters" : [ ],
      "shouldDisplayMessage" : true,
      "attachmentsCount" : 0,
      "stepsCount" : 0,
      "hasContent" : true
    } ],
    "attachments" : [ ],
    "parameters" : [ ],
    "shouldDisplayMessage" : false,
    "attachmentsCount" : 0,
    "stepsCount" : 3,
    "hasContent" : true
  },
  "afterStages" : [ ],
  "labels" : [ {
    "name" : "severity",
    "value" : "normal"
  }, {
    "name" : "tag",
    "value" : "build-test"
  }, {
    "name" : "tag",
    "value" : "pass"
  }, {
    "name" : "tag",
    "value" : "web"
  }, {
    "name" : "feature",
    "value" : "Webdriver PUBLICA browser tests"
  }, {
    "name" : "framework",
    "value" : "behave"
  }, {
    "name" : "language",
    "value" : "cpython3"
  }, {
    "name" : "resultFormat",
    "value" : "allure2"
  } ],
  "parameters" : [ {
    "name" : "issue",
    "value" : "123"
  } ],
  "links" : [ ],
  "hidden" : false,
  "retry" : false,
  "extra" : {
    "severity" : "normal",
    "retries" : [ {
      "uid" : "b2f51e77e1788110",
      "status" : "failed",
      "statusDetails" : "AssertionError: 'Sample issue 20180615T1711' != '123'\n- Sample issue 20180615T1711\n+ 123\n\n",
      "time" : {
        "start" : 1592302463516,
        "stop" : 1592302465832,
        "duration" : 2316
      }
    }, {
      "uid" : "df7c289b1c6ba30f",
      "status" : "failed",
      "statusDetails" : "AssertionError: 'Sample issue 20180615T1711' != '123'\n- Sample issue 20180615T1711\n+ 123\n\n",
      "time" : {
        "start" : 1592213465183,
        "stop" : 1592213467796,
        "duration" : 2613
      }
    }, {
      "uid" : "fa2990d655848d70",
      "status" : "failed",
      "statusDetails" : "AssertionError: 'Sample issue 20180615T1711' != '123'\n- Sample issue 20180615T1711\n+ 123\n\n",
      "time" : {
        "start" : 1591953784355,
        "stop" : 1591953786813,
        "duration" : 2458
      }
    }, {
      "uid" : "85db9dee4241e996",
      "status" : "failed",
      "statusDetails" : "AssertionError: 'Sample issue 20180615T1711' != '123'\n- Sample issue 20180615T1711\n+ 123\n\n",
      "time" : {
        "start" : 1591869515193,
        "stop" : 1591869517666,
        "duration" : 2473
      }
    }, {
      "uid" : "caaa88d90512464f",
      "status" : "failed",
      "statusDetails" : "AssertionError: 'Sample issue 20180615T1711' != '123'\n- Sample issue 20180615T1711\n+ 123\n\n",
      "time" : {
        "start" : 1591784660152,
        "stop" : 1591784662639,
        "duration" : 2487
      }
    }, {
      "uid" : "fe255072ace24e57",
      "status" : "failed",
      "statusDetails" : "AssertionError: 'Sample issue 20180615T1711' != '123'\n- Sample issue 20180615T1711\n+ 123\n\n",
      "time" : {
        "start" : 1591699028139,
        "stop" : 1591699030780,
        "duration" : 2641
      }
    }, {
      "uid" : "893be6d088868dd9",
      "status" : "failed",
      "statusDetails" : "AssertionError: 'Sample issue 20180615T1711' != '123'\n- Sample issue 20180615T1711\n+ 123\n\n",
      "time" : {
        "start" : 1591606831353,
        "stop" : 1591606834617,
        "duration" : 3264
      }
    }, {
      "uid" : "18b8cddd035bf359",
      "status" : "failed",
      "statusDetails" : "AssertionError: 'Sample issue 20180615T1711' != '123'\n- Sample issue 20180615T1711\n+ 123\n\n",
      "time" : {
        "start" : 1591371895411,
        "stop" : 1591371897563,
        "duration" : 2152
      }
    }, {
      "uid" : "ac186f8aee3168f",
      "status" : "failed",
      "statusDetails" : "AssertionError: 'Sample issue 20180615T1711' != '123'\n- Sample issue 20180615T1711\n+ 123\n\n",
      "time" : {
        "start" : 1591363735651,
        "stop" : 1591363738658,
        "duration" : 3007
      }
    }, {
      "uid" : "6cf2f2a8d25531c9",
      "status" : "failed",
      "statusDetails" : "AssertionError: 'Sample issue 20180615T1711' != '123'\n- Sample issue 20180615T1711\n+ 123\n\n",
      "time" : {
        "start" : 1591351023025,
        "stop" : 1591351025499,
        "duration" : 2474
      }
    }, {
      "uid" : "b984fdace23b51c9",
      "status" : "failed",
      "statusDetails" : "AssertionError: 'Sample issue 20180615T1711' != '123'\n- Sample issue 20180615T1711\n+ 123\n\n",
      "time" : {
        "start" : 1591262872878,
        "stop" : 1591262875219,
        "duration" : 2341
      }
    }, {
      "uid" : "d10cc1722b15f93a",
      "status" : "failed",
      "statusDetails" : "AssertionError: 'Sample issue 20180615T1711' != '123'\n- Sample issue 20180615T1711\n+ 123\n\n",
      "time" : {
        "start" : 1591196831019,
        "stop" : 1591196833899,
        "duration" : 2880
      }
    }, {
      "uid" : "3c75c80b3ac734f5",
      "status" : "broken",
      "statusDetails" : "selenium.common.exceptions.TimeoutException: Message: timeout: Timed out receiving message from renderer: 30.000\n  (Session info: chrome=83.0.4103.61)\n\n",
      "time" : {
        "start" : 1591194832160,
        "stop" : 1591194862169,
        "duration" : 30009
      }
    }, {
      "uid" : "6ff97b0af2c84bf1",
      "status" : "failed",
      "statusDetails" : "AssertionError: 'Sample issue 20180615T1711' != '123'\n- Sample issue 20180615T1711\n+ 123\n\n",
      "time" : {
        "start" : 1590743333805,
        "stop" : 1590743336848,
        "duration" : 3043
      }
    }, {
      "uid" : "1a831fdda5f2060a",
      "status" : "failed",
      "statusDetails" : "AssertionError: 'Sample issue 20180615T1711' != '123'\n- Sample issue 20180615T1711\n+ 123\n\n",
      "time" : {
        "start" : 1590682944464,
        "stop" : 1590682946816,
        "duration" : 2352
      }
    }, {
      "uid" : "4b8e3572a4a30bd9",
      "status" : "failed",
      "statusDetails" : "AssertionError: 'Sample issue 20180615T1711' != '123'\n- Sample issue 20180615T1711\n+ 123\n\n",
      "time" : {
        "start" : 1590682794371,
        "stop" : 1590682796309,
        "duration" : 1938
      }
    } ],
    "categories" : [ {
      "name" : "Product defects",
      "matchedStatuses" : [ ],
      "flaky" : false
    } ],
    "tags" : [ "build-test", "pass", "web" ]
  },
  "source" : "bc39f166b4d54cfb.json",
  "parameterValues" : [ "123" ]
}