{
  "uid" : "c15330efd9bf2526",
  "name" : "Browse acutesttraining PUBLICA‌-1 issue (should fail) -- @1.2 ",
  "historyId" : "6c9de2d5c91310142320064a7e1c0a09",
  "time" : {
    "start" : 1592302468233,
    "stop" : 1592302471054,
    "duration" : 2821
  },
  "status" : "failed",
  "statusMessage" : "AssertionError: 'Sample issue 20180615T1711' != 'Sample issue XXXXXXXX'\n- Sample issue 20180615T1711\n+ Sample issue XXXXXXXX\n\n",
  "statusTrace" : "  File \"c:\\users\\george-cooper\\appdata\\local\\programs\\python\\python38-32\\lib\\site-packages\\behave\\model.py\", line 1329, in run\n    match.run(runner.context)\n  File \"c:\\users\\george-cooper\\appdata\\local\\programs\\python\\python38-32\\lib\\site-packages\\behave\\matchers.py\", line 98, in run\n    self.func(context, *args, **kwargs)\n  File \"features\\steps\\jira_issue_steps.py\", line 19, in step_impl\n    assert_equal (context.issue_page.get_title(), expected_text)\n  File \"c:\\users\\george-cooper\\appdata\\local\\programs\\python\\python38-32\\lib\\unittest\\case.py\", line 912, in assertEqual\n    assertion_func(first, second, msg=msg)\n  File \"c:\\users\\george-cooper\\appdata\\local\\programs\\python\\python38-32\\lib\\unittest\\case.py\", line 1292, in assertMultiLineEqual\n    self.fail(self._formatMessage(msg, standardMsg))\n  File \"c:\\users\\george-cooper\\appdata\\local\\programs\\python\\python38-32\\lib\\unittest\\case.py\", line 753, in fail\n    raise self.failureException(msg)\n",
  "flaky" : false,
  "newFailed" : false,
  "beforeStages" : [ ],
  "testStage" : {
    "status" : "failed",
    "statusMessage" : "AssertionError: 'Sample issue 20180615T1711' != 'Sample issue XXXXXXXX'\n- Sample issue 20180615T1711\n+ Sample issue XXXXXXXX\n\n",
    "statusTrace" : "  File \"c:\\users\\george-cooper\\appdata\\local\\programs\\python\\python38-32\\lib\\site-packages\\behave\\model.py\", line 1329, in run\n    match.run(runner.context)\n  File \"c:\\users\\george-cooper\\appdata\\local\\programs\\python\\python38-32\\lib\\site-packages\\behave\\matchers.py\", line 98, in run\n    self.func(context, *args, **kwargs)\n  File \"features\\steps\\jira_issue_steps.py\", line 19, in step_impl\n    assert_equal (context.issue_page.get_title(), expected_text)\n  File \"c:\\users\\george-cooper\\appdata\\local\\programs\\python\\python38-32\\lib\\unittest\\case.py\", line 912, in assertEqual\n    assertion_func(first, second, msg=msg)\n  File \"c:\\users\\george-cooper\\appdata\\local\\programs\\python\\python38-32\\lib\\unittest\\case.py\", line 1292, in assertMultiLineEqual\n    self.fail(self._formatMessage(msg, standardMsg))\n  File \"c:\\users\\george-cooper\\appdata\\local\\programs\\python\\python38-32\\lib\\unittest\\case.py\", line 753, in fail\n    raise self.failureException(msg)\n",
    "steps" : [ {
      "name" : "Given the Jira Cloud instance acutesttraining has a publicly accessible project with issuekey \"PUBLICA‌-1\"",
      "time" : {
        "start" : 1592302468234,
        "stop" : 1592302468234,
        "duration" : 0
      },
      "status" : "passed",
      "steps" : [ ],
      "attachments" : [ ],
      "parameters" : [ ],
      "stepsCount" : 0,
      "hasContent" : false,
      "shouldDisplayMessage" : false,
      "attachmentsCount" : 0
    }, {
      "name" : "When CDAF test visits the url \"https://acutesttraining.atlassian.net/browse/PUBLICA-1?oldIssueView=true\" without logging in",
      "time" : {
        "start" : 1592302468235,
        "stop" : 1592302471016,
        "duration" : 2781
      },
      "status" : "passed",
      "steps" : [ ],
      "attachments" : [ ],
      "parameters" : [ ],
      "stepsCount" : 0,
      "hasContent" : false,
      "shouldDisplayMessage" : false,
      "attachmentsCount" : 0
    }, {
      "name" : "Then the page title is \"Sample issue XXXXXXXX\"",
      "time" : {
        "start" : 1592302471016,
        "stop" : 1592302471053,
        "duration" : 37
      },
      "status" : "failed",
      "statusMessage" : "AssertionError: 'Sample issue 20180615T1711' != 'Sample issue XXXXXXXX'\n- Sample issue 20180615T1711\n+ Sample issue XXXXXXXX\n\n",
      "statusTrace" : "  File \"c:\\users\\george-cooper\\appdata\\local\\programs\\python\\python38-32\\lib\\site-packages\\behave\\model.py\", line 1329, in run\n    match.run(runner.context)\n  File \"c:\\users\\george-cooper\\appdata\\local\\programs\\python\\python38-32\\lib\\site-packages\\behave\\matchers.py\", line 98, in run\n    self.func(context, *args, **kwargs)\n  File \"features\\steps\\jira_issue_steps.py\", line 19, in step_impl\n    assert_equal (context.issue_page.get_title(), expected_text)\n  File \"c:\\users\\george-cooper\\appdata\\local\\programs\\python\\python38-32\\lib\\unittest\\case.py\", line 912, in assertEqual\n    assertion_func(first, second, msg=msg)\n  File \"c:\\users\\george-cooper\\appdata\\local\\programs\\python\\python38-32\\lib\\unittest\\case.py\", line 1292, in assertMultiLineEqual\n    self.fail(self._formatMessage(msg, standardMsg))\n  File \"c:\\users\\george-cooper\\appdata\\local\\programs\\python\\python38-32\\lib\\unittest\\case.py\", line 753, in fail\n    raise self.failureException(msg)\n",
      "steps" : [ ],
      "attachments" : [ ],
      "parameters" : [ ],
      "stepsCount" : 0,
      "hasContent" : true,
      "shouldDisplayMessage" : true,
      "attachmentsCount" : 0
    } ],
    "attachments" : [ ],
    "parameters" : [ ],
    "stepsCount" : 3,
    "hasContent" : true,
    "shouldDisplayMessage" : false,
    "attachmentsCount" : 0
  },
  "afterStages" : [ ],
  "labels" : [ {
    "name" : "severity",
    "value" : "normal"
  }, {
    "name" : "tag",
    "value" : "build-test"
  }, {
    "name" : "tag",
    "value" : "should-fail"
  }, {
    "name" : "tag",
    "value" : "web"
  }, {
    "name" : "feature",
    "value" : "Webdriver PUBLICA browser tests"
  }, {
    "name" : "framework",
    "value" : "behave"
  }, {
    "name" : "language",
    "value" : "cpython3"
  }, {
    "name" : "resultFormat",
    "value" : "allure2"
  } ],
  "parameters" : [ {
    "name" : "issue",
    "value" : "Sample issue XXXXXXXX"
  } ],
  "links" : [ ],
  "hidden" : false,
  "retry" : false,
  "extra" : {
    "severity" : "normal",
    "retries" : [ {
      "uid" : "e2e850ff12b79f86",
      "status" : "failed",
      "statusDetails" : "AssertionError: 'Sample issue 20180615T1711' != 'Sample issue XXXXXXXX'\n- Sample issue 20180615T1711\n+ Sample issue XXXXXXXX\n\n",
      "time" : {
        "start" : 1592213470504,
        "stop" : 1592213472657,
        "duration" : 2153
      }
    }, {
      "uid" : "6bbc553d2bc1755a",
      "status" : "failed",
      "statusDetails" : "AssertionError: 'Sample issue 20180615T1711' != 'Sample issue XXXXXXXX'\n- Sample issue 20180615T1711\n+ Sample issue XXXXXXXX\n\n",
      "time" : {
        "start" : 1591953789200,
        "stop" : 1591953791524,
        "duration" : 2324
      }
    }, {
      "uid" : "a563a17e0deefa53",
      "status" : "failed",
      "statusDetails" : "AssertionError: 'Sample issue 20180615T1711' != 'Sample issue XXXXXXXX'\n- Sample issue 20180615T1711\n+ Sample issue XXXXXXXX\n\n",
      "time" : {
        "start" : 1591869520099,
        "stop" : 1591869522484,
        "duration" : 2385
      }
    }, {
      "uid" : "8217e5b860c330e7",
      "status" : "failed",
      "statusDetails" : "AssertionError: 'Sample issue 20180615T1711' != 'Sample issue XXXXXXXX'\n- Sample issue 20180615T1711\n+ Sample issue XXXXXXXX\n\n",
      "time" : {
        "start" : 1591784665093,
        "stop" : 1591784667381,
        "duration" : 2288
      }
    }, {
      "uid" : "f812713702d4eb88",
      "status" : "failed",
      "statusDetails" : "AssertionError: 'Sample issue 20180615T1711' != 'Sample issue XXXXXXXX'\n- Sample issue 20180615T1711\n+ Sample issue XXXXXXXX\n\n",
      "time" : {
        "start" : 1591699033024,
        "stop" : 1591699035660,
        "duration" : 2636
      }
    }, {
      "uid" : "6f4faefffd466639",
      "status" : "failed",
      "statusDetails" : "AssertionError: 'Sample issue 20180615T1711' != 'Sample issue XXXXXXXX'\n- Sample issue 20180615T1711\n+ Sample issue XXXXXXXX\n\n",
      "time" : {
        "start" : 1591606837074,
        "stop" : 1591606839803,
        "duration" : 2729
      }
    }, {
      "uid" : "d172a24d152fbac6",
      "status" : "failed",
      "statusDetails" : "AssertionError: 'Sample issue 20180615T1711' != 'Sample issue XXXXXXXX'\n- Sample issue 20180615T1711\n+ Sample issue XXXXXXXX\n\n",
      "time" : {
        "start" : 1591371899972,
        "stop" : 1591371902090,
        "duration" : 2118
      }
    }, {
      "uid" : "ccd05dd2cdf1e6b8",
      "status" : "failed",
      "statusDetails" : "AssertionError: 'Sample issue 20180615T1711' != 'Sample issue XXXXXXXX'\n- Sample issue 20180615T1711\n+ Sample issue XXXXXXXX\n\n",
      "time" : {
        "start" : 1591363740677,
        "stop" : 1591363743155,
        "duration" : 2478
      }
    }, {
      "uid" : "a1d0a6268a0e735b",
      "status" : "failed",
      "statusDetails" : "AssertionError: 'Sample issue 20180615T1711' != 'Sample issue XXXXXXXX'\n- Sample issue 20180615T1711\n+ Sample issue XXXXXXXX\n\n",
      "time" : {
        "start" : 1591351027786,
        "stop" : 1591351030524,
        "duration" : 2738
      }
    }, {
      "uid" : "bfb922794ca680f7",
      "status" : "failed",
      "statusDetails" : "AssertionError: 'Sample issue 20180615T1711' != 'Sample issue XXXXXXXX'\n- Sample issue 20180615T1711\n+ Sample issue XXXXXXXX\n\n",
      "time" : {
        "start" : 1591262877665,
        "stop" : 1591262879951,
        "duration" : 2286
      }
    }, {
      "uid" : "4316ff6e66ef5909",
      "status" : "failed",
      "statusDetails" : "AssertionError: 'Sample issue 20180615T1711' != 'Sample issue XXXXXXXX'\n- Sample issue 20180615T1711\n+ Sample issue XXXXXXXX\n\n",
      "time" : {
        "start" : 1591196836365,
        "stop" : 1591196838794,
        "duration" : 2429
      }
    }, {
      "uid" : "e9b9398237343cb6",
      "status" : "broken",
      "statusDetails" : "selenium.common.exceptions.TimeoutException: Message: timeout: Timed out receiving message from renderer: 30.000\n  (Session info: chrome=83.0.4103.61)\n\n",
      "time" : {
        "start" : 1591194892180,
        "stop" : 1591194922187,
        "duration" : 30007
      }
    }, {
      "uid" : "bc1e280fc9d2d6e3",
      "status" : "failed",
      "statusDetails" : "AssertionError: 'Sample issue 20180615T1711' != 'Sample issue XXXXXXXX'\n- Sample issue 20180615T1711\n+ Sample issue XXXXXXXX\n\n",
      "time" : {
        "start" : 1590743339145,
        "stop" : 1590743341203,
        "duration" : 2058
      }
    }, {
      "uid" : "2d0e12abc49350c4",
      "status" : "failed",
      "statusDetails" : "AssertionError: 'Sample issue 20180615T1711' != 'Sample issue XXXXXXXX'\n- Sample issue 20180615T1711\n+ Sample issue XXXXXXXX\n\n",
      "time" : {
        "start" : 1590682949238,
        "stop" : 1590682951596,
        "duration" : 2358
      }
    }, {
      "uid" : "99c94a1ae30efb96",
      "status" : "failed",
      "statusDetails" : "AssertionError: 'Sample issue 20180615T1711' != 'Sample issue XXXXXXXX'\n- Sample issue 20180615T1711\n+ Sample issue XXXXXXXX\n\n",
      "time" : {
        "start" : 1590682798467,
        "stop" : 1590682800257,
        "duration" : 1790
      }
    } ],
    "categories" : [ {
      "name" : "Product defects",
      "matchedStatuses" : [ ],
      "flaky" : false
    } ],
    "tags" : [ "build-test", "web", "should-fail" ]
  },
  "source" : "c15330efd9bf2526.json",
  "parameterValues" : [ "Sample issue XXXXXXXX" ]
}