{
  "uid" : "e6922c32e0b64e5c",
  "name" : "Browse acutesttraining PUBLICA‌-1 issue -- @1.2 ",
  "historyId" : "adc58b85adb6be9544708a9ae3c4dc6f",
  "time" : {
    "start" : 1592213465183,
    "stop" : 1592213467796,
    "duration" : 2613
  },
  "status" : "failed",
  "statusMessage" : "AssertionError: 'Sample issue 20180615T1711' != '123'\n- Sample issue 20180615T1711\n+ 123\n\n",
  "statusTrace" : "  File \"c:\\users\\george-cooper\\appdata\\local\\programs\\python\\python38-32\\lib\\site-packages\\behave\\model.py\", line 1329, in run\n    match.run(runner.context)\n  File \"c:\\users\\george-cooper\\appdata\\local\\programs\\python\\python38-32\\lib\\site-packages\\behave\\matchers.py\", line 98, in run\n    self.func(context, *args, **kwargs)\n  File \"features\\steps\\jira_issue_steps.py\", line 19, in step_impl\n    assert_equal (context.issue_page.get_title(), expected_text)\n  File \"c:\\users\\george-cooper\\appdata\\local\\programs\\python\\python38-32\\lib\\unittest\\case.py\", line 912, in assertEqual\n    assertion_func(first, second, msg=msg)\n  File \"c:\\users\\george-cooper\\appdata\\local\\programs\\python\\python38-32\\lib\\unittest\\case.py\", line 1292, in assertMultiLineEqual\n    self.fail(self._formatMessage(msg, standardMsg))\n  File \"c:\\users\\george-cooper\\appdata\\local\\programs\\python\\python38-32\\lib\\unittest\\case.py\", line 753, in fail\n    raise self.failureException(msg)\n",
  "flaky" : false,
  "newFailed" : false,
  "beforeStages" : [ ],
  "testStage" : {
    "status" : "failed",
    "statusMessage" : "AssertionError: 'Sample issue 20180615T1711' != '123'\n- Sample issue 20180615T1711\n+ 123\n\n",
    "statusTrace" : "  File \"c:\\users\\george-cooper\\appdata\\local\\programs\\python\\python38-32\\lib\\site-packages\\behave\\model.py\", line 1329, in run\n    match.run(runner.context)\n  File \"c:\\users\\george-cooper\\appdata\\local\\programs\\python\\python38-32\\lib\\site-packages\\behave\\matchers.py\", line 98, in run\n    self.func(context, *args, **kwargs)\n  File \"features\\steps\\jira_issue_steps.py\", line 19, in step_impl\n    assert_equal (context.issue_page.get_title(), expected_text)\n  File \"c:\\users\\george-cooper\\appdata\\local\\programs\\python\\python38-32\\lib\\unittest\\case.py\", line 912, in assertEqual\n    assertion_func(first, second, msg=msg)\n  File \"c:\\users\\george-cooper\\appdata\\local\\programs\\python\\python38-32\\lib\\unittest\\case.py\", line 1292, in assertMultiLineEqual\n    self.fail(self._formatMessage(msg, standardMsg))\n  File \"c:\\users\\george-cooper\\appdata\\local\\programs\\python\\python38-32\\lib\\unittest\\case.py\", line 753, in fail\n    raise self.failureException(msg)\n",
    "steps" : [ {
      "name" : "Given the Jira Cloud instance acutesttraining has a publicly accessible project with issuekey \"PUBLICA‌-1\"",
      "time" : {
        "start" : 1592213465184,
        "stop" : 1592213465185,
        "duration" : 1
      },
      "status" : "passed",
      "steps" : [ ],
      "attachments" : [ ],
      "parameters" : [ ],
      "attachmentsCount" : 0,
      "shouldDisplayMessage" : false,
      "hasContent" : false,
      "stepsCount" : 0
    }, {
      "name" : "When CDAF test visits the url \"https://acutesttraining.atlassian.net/browse/PUBLICA-1?oldIssueView=true\" without logging in",
      "time" : {
        "start" : 1592213465185,
        "stop" : 1592213467636,
        "duration" : 2451
      },
      "status" : "passed",
      "steps" : [ ],
      "attachments" : [ ],
      "parameters" : [ ],
      "attachmentsCount" : 0,
      "shouldDisplayMessage" : false,
      "hasContent" : false,
      "stepsCount" : 0
    }, {
      "name" : "Then the page title is \"123\"",
      "time" : {
        "start" : 1592213467636,
        "stop" : 1592213467795,
        "duration" : 159
      },
      "status" : "failed",
      "statusMessage" : "AssertionError: 'Sample issue 20180615T1711' != '123'\n- Sample issue 20180615T1711\n+ 123\n\n",
      "statusTrace" : "  File \"c:\\users\\george-cooper\\appdata\\local\\programs\\python\\python38-32\\lib\\site-packages\\behave\\model.py\", line 1329, in run\n    match.run(runner.context)\n  File \"c:\\users\\george-cooper\\appdata\\local\\programs\\python\\python38-32\\lib\\site-packages\\behave\\matchers.py\", line 98, in run\n    self.func(context, *args, **kwargs)\n  File \"features\\steps\\jira_issue_steps.py\", line 19, in step_impl\n    assert_equal (context.issue_page.get_title(), expected_text)\n  File \"c:\\users\\george-cooper\\appdata\\local\\programs\\python\\python38-32\\lib\\unittest\\case.py\", line 912, in assertEqual\n    assertion_func(first, second, msg=msg)\n  File \"c:\\users\\george-cooper\\appdata\\local\\programs\\python\\python38-32\\lib\\unittest\\case.py\", line 1292, in assertMultiLineEqual\n    self.fail(self._formatMessage(msg, standardMsg))\n  File \"c:\\users\\george-cooper\\appdata\\local\\programs\\python\\python38-32\\lib\\unittest\\case.py\", line 753, in fail\n    raise self.failureException(msg)\n",
      "steps" : [ ],
      "attachments" : [ ],
      "parameters" : [ ],
      "attachmentsCount" : 0,
      "shouldDisplayMessage" : true,
      "hasContent" : true,
      "stepsCount" : 0
    } ],
    "attachments" : [ ],
    "parameters" : [ ],
    "attachmentsCount" : 0,
    "shouldDisplayMessage" : false,
    "hasContent" : true,
    "stepsCount" : 3
  },
  "afterStages" : [ ],
  "labels" : [ {
    "name" : "severity",
    "value" : "normal"
  }, {
    "name" : "tag",
    "value" : "build-test"
  }, {
    "name" : "tag",
    "value" : "pass"
  }, {
    "name" : "tag",
    "value" : "web"
  }, {
    "name" : "feature",
    "value" : "Webdriver PUBLICA browser tests"
  }, {
    "name" : "framework",
    "value" : "behave"
  }, {
    "name" : "language",
    "value" : "cpython3"
  }, {
    "name" : "resultFormat",
    "value" : "allure2"
  } ],
  "parameters" : [ {
    "name" : "issue",
    "value" : "123"
  } ],
  "links" : [ ],
  "hidden" : false,
  "retry" : false,
  "extra" : {
    "severity" : "normal",
    "retries" : [ {
      "uid" : "b77cb94d9532a025",
      "status" : "failed",
      "statusDetails" : "AssertionError: 'Sample issue 20180615T1711' != '123'\n- Sample issue 20180615T1711\n+ 123\n\n",
      "time" : {
        "start" : 1591953784355,
        "stop" : 1591953786813,
        "duration" : 2458
      }
    }, {
      "uid" : "b8dc232f8723a6dd",
      "status" : "failed",
      "statusDetails" : "AssertionError: 'Sample issue 20180615T1711' != '123'\n- Sample issue 20180615T1711\n+ 123\n\n",
      "time" : {
        "start" : 1591869515193,
        "stop" : 1591869517666,
        "duration" : 2473
      }
    }, {
      "uid" : "f67b5164d7c04d0d",
      "status" : "failed",
      "statusDetails" : "AssertionError: 'Sample issue 20180615T1711' != '123'\n- Sample issue 20180615T1711\n+ 123\n\n",
      "time" : {
        "start" : 1591784660152,
        "stop" : 1591784662639,
        "duration" : 2487
      }
    }, {
      "uid" : "9bd3eaf3d5e03a94",
      "status" : "failed",
      "statusDetails" : "AssertionError: 'Sample issue 20180615T1711' != '123'\n- Sample issue 20180615T1711\n+ 123\n\n",
      "time" : {
        "start" : 1591699028139,
        "stop" : 1591699030780,
        "duration" : 2641
      }
    }, {
      "uid" : "f98549add3f6be98",
      "status" : "failed",
      "statusDetails" : "AssertionError: 'Sample issue 20180615T1711' != '123'\n- Sample issue 20180615T1711\n+ 123\n\n",
      "time" : {
        "start" : 1591606831353,
        "stop" : 1591606834617,
        "duration" : 3264
      }
    }, {
      "uid" : "f717b633a5e40419",
      "status" : "failed",
      "statusDetails" : "AssertionError: 'Sample issue 20180615T1711' != '123'\n- Sample issue 20180615T1711\n+ 123\n\n",
      "time" : {
        "start" : 1591371895411,
        "stop" : 1591371897563,
        "duration" : 2152
      }
    }, {
      "uid" : "b20c3566138e9a2b",
      "status" : "failed",
      "statusDetails" : "AssertionError: 'Sample issue 20180615T1711' != '123'\n- Sample issue 20180615T1711\n+ 123\n\n",
      "time" : {
        "start" : 1591363735651,
        "stop" : 1591363738658,
        "duration" : 3007
      }
    }, {
      "uid" : "1572884c59ae8d45",
      "status" : "failed",
      "statusDetails" : "AssertionError: 'Sample issue 20180615T1711' != '123'\n- Sample issue 20180615T1711\n+ 123\n\n",
      "time" : {
        "start" : 1591351023025,
        "stop" : 1591351025499,
        "duration" : 2474
      }
    }, {
      "uid" : "a5b93dd82a569a01",
      "status" : "failed",
      "statusDetails" : "AssertionError: 'Sample issue 20180615T1711' != '123'\n- Sample issue 20180615T1711\n+ 123\n\n",
      "time" : {
        "start" : 1591262872878,
        "stop" : 1591262875219,
        "duration" : 2341
      }
    }, {
      "uid" : "e8dbf88a6d28f426",
      "status" : "failed",
      "statusDetails" : "AssertionError: 'Sample issue 20180615T1711' != '123'\n- Sample issue 20180615T1711\n+ 123\n\n",
      "time" : {
        "start" : 1591196831019,
        "stop" : 1591196833899,
        "duration" : 2880
      }
    }, {
      "uid" : "9538ccc7f701db6",
      "status" : "broken",
      "statusDetails" : "selenium.common.exceptions.TimeoutException: Message: timeout: Timed out receiving message from renderer: 30.000\n  (Session info: chrome=83.0.4103.61)\n\n",
      "time" : {
        "start" : 1591194832160,
        "stop" : 1591194862169,
        "duration" : 30009
      }
    }, {
      "uid" : "fd845baacdfd7346",
      "status" : "failed",
      "statusDetails" : "AssertionError: 'Sample issue 20180615T1711' != '123'\n- Sample issue 20180615T1711\n+ 123\n\n",
      "time" : {
        "start" : 1590743333805,
        "stop" : 1590743336848,
        "duration" : 3043
      }
    }, {
      "uid" : "ea8178300bcd246a",
      "status" : "failed",
      "statusDetails" : "AssertionError: 'Sample issue 20180615T1711' != '123'\n- Sample issue 20180615T1711\n+ 123\n\n",
      "time" : {
        "start" : 1590682944464,
        "stop" : 1590682946816,
        "duration" : 2352
      }
    }, {
      "uid" : "5a2eb33bb6e36086",
      "status" : "failed",
      "statusDetails" : "AssertionError: 'Sample issue 20180615T1711' != '123'\n- Sample issue 20180615T1711\n+ 123\n\n",
      "time" : {
        "start" : 1590682794371,
        "stop" : 1590682796309,
        "duration" : 1938
      }
    } ],
    "categories" : [ {
      "name" : "Product defects",
      "matchedStatuses" : [ ],
      "flaky" : false
    } ],
    "tags" : [ "build-test", "pass", "web" ]
  },
  "source" : "e6922c32e0b64e5c.json",
  "parameterValues" : [ "123" ]
}