{
  "uid" : "ff6b299f4739daa8",
  "name" : "Browse acutesttraining PUBLICA‌-1 issue -- @1.2 ",
  "historyId" : "adc58b85adb6be9544708a9ae3c4dc6f",
  "time" : {
    "start" : 1591371895411,
    "stop" : 1591371897563,
    "duration" : 2152
  },
  "status" : "failed",
  "statusMessage" : "AssertionError: 'Sample issue 20180615T1711' != '123'\n- Sample issue 20180615T1711\n+ 123\n\n",
  "statusTrace" : "  File \"c:\\users\\george-cooper\\appdata\\local\\programs\\python\\python38-32\\lib\\site-packages\\behave\\model.py\", line 1329, in run\n    match.run(runner.context)\n  File \"c:\\users\\george-cooper\\appdata\\local\\programs\\python\\python38-32\\lib\\site-packages\\behave\\matchers.py\", line 98, in run\n    self.func(context, *args, **kwargs)\n  File \"features\\steps\\jira_issue_steps.py\", line 19, in step_impl\n    assert_equal (context.issue_page.get_title(), expected_text)\n  File \"c:\\users\\george-cooper\\appdata\\local\\programs\\python\\python38-32\\lib\\unittest\\case.py\", line 912, in assertEqual\n    assertion_func(first, second, msg=msg)\n  File \"c:\\users\\george-cooper\\appdata\\local\\programs\\python\\python38-32\\lib\\unittest\\case.py\", line 1292, in assertMultiLineEqual\n    self.fail(self._formatMessage(msg, standardMsg))\n  File \"c:\\users\\george-cooper\\appdata\\local\\programs\\python\\python38-32\\lib\\unittest\\case.py\", line 753, in fail\n    raise self.failureException(msg)\n",
  "flaky" : false,
  "newFailed" : false,
  "beforeStages" : [ ],
  "testStage" : {
    "status" : "failed",
    "statusMessage" : "AssertionError: 'Sample issue 20180615T1711' != '123'\n- Sample issue 20180615T1711\n+ 123\n\n",
    "statusTrace" : "  File \"c:\\users\\george-cooper\\appdata\\local\\programs\\python\\python38-32\\lib\\site-packages\\behave\\model.py\", line 1329, in run\n    match.run(runner.context)\n  File \"c:\\users\\george-cooper\\appdata\\local\\programs\\python\\python38-32\\lib\\site-packages\\behave\\matchers.py\", line 98, in run\n    self.func(context, *args, **kwargs)\n  File \"features\\steps\\jira_issue_steps.py\", line 19, in step_impl\n    assert_equal (context.issue_page.get_title(), expected_text)\n  File \"c:\\users\\george-cooper\\appdata\\local\\programs\\python\\python38-32\\lib\\unittest\\case.py\", line 912, in assertEqual\n    assertion_func(first, second, msg=msg)\n  File \"c:\\users\\george-cooper\\appdata\\local\\programs\\python\\python38-32\\lib\\unittest\\case.py\", line 1292, in assertMultiLineEqual\n    self.fail(self._formatMessage(msg, standardMsg))\n  File \"c:\\users\\george-cooper\\appdata\\local\\programs\\python\\python38-32\\lib\\unittest\\case.py\", line 753, in fail\n    raise self.failureException(msg)\n",
    "steps" : [ {
      "name" : "Given the Jira Cloud instance acutesttraining has a publicly accessible project with issuekey \"PUBLICA‌-1\"",
      "time" : {
        "start" : 1591371895412,
        "stop" : 1591371895413,
        "duration" : 1
      },
      "status" : "passed",
      "steps" : [ ],
      "attachments" : [ ],
      "parameters" : [ ],
      "shouldDisplayMessage" : false,
      "attachmentsCount" : 0,
      "stepsCount" : 0,
      "hasContent" : false
    }, {
      "name" : "When CDAF test visits the url \"https://acutesttraining.atlassian.net/browse/PUBLICA-1?oldIssueView=true\" without logging in",
      "time" : {
        "start" : 1591371895413,
        "stop" : 1591371897490,
        "duration" : 2077
      },
      "status" : "passed",
      "steps" : [ ],
      "attachments" : [ ],
      "parameters" : [ ],
      "shouldDisplayMessage" : false,
      "attachmentsCount" : 0,
      "stepsCount" : 0,
      "hasContent" : false
    }, {
      "name" : "Then the page title is \"123\"",
      "time" : {
        "start" : 1591371897490,
        "stop" : 1591371897563,
        "duration" : 73
      },
      "status" : "failed",
      "statusMessage" : "AssertionError: 'Sample issue 20180615T1711' != '123'\n- Sample issue 20180615T1711\n+ 123\n\n",
      "statusTrace" : "  File \"c:\\users\\george-cooper\\appdata\\local\\programs\\python\\python38-32\\lib\\site-packages\\behave\\model.py\", line 1329, in run\n    match.run(runner.context)\n  File \"c:\\users\\george-cooper\\appdata\\local\\programs\\python\\python38-32\\lib\\site-packages\\behave\\matchers.py\", line 98, in run\n    self.func(context, *args, **kwargs)\n  File \"features\\steps\\jira_issue_steps.py\", line 19, in step_impl\n    assert_equal (context.issue_page.get_title(), expected_text)\n  File \"c:\\users\\george-cooper\\appdata\\local\\programs\\python\\python38-32\\lib\\unittest\\case.py\", line 912, in assertEqual\n    assertion_func(first, second, msg=msg)\n  File \"c:\\users\\george-cooper\\appdata\\local\\programs\\python\\python38-32\\lib\\unittest\\case.py\", line 1292, in assertMultiLineEqual\n    self.fail(self._formatMessage(msg, standardMsg))\n  File \"c:\\users\\george-cooper\\appdata\\local\\programs\\python\\python38-32\\lib\\unittest\\case.py\", line 753, in fail\n    raise self.failureException(msg)\n",
      "steps" : [ ],
      "attachments" : [ ],
      "parameters" : [ ],
      "shouldDisplayMessage" : true,
      "attachmentsCount" : 0,
      "stepsCount" : 0,
      "hasContent" : true
    } ],
    "attachments" : [ ],
    "parameters" : [ ],
    "shouldDisplayMessage" : false,
    "attachmentsCount" : 0,
    "stepsCount" : 3,
    "hasContent" : true
  },
  "afterStages" : [ ],
  "labels" : [ {
    "name" : "severity",
    "value" : "normal"
  }, {
    "name" : "tag",
    "value" : "build-test"
  }, {
    "name" : "tag",
    "value" : "pass"
  }, {
    "name" : "tag",
    "value" : "web"
  }, {
    "name" : "feature",
    "value" : "Webdriver PUBLICA browser tests"
  }, {
    "name" : "framework",
    "value" : "behave"
  }, {
    "name" : "language",
    "value" : "cpython3"
  }, {
    "name" : "resultFormat",
    "value" : "allure2"
  } ],
  "parameters" : [ {
    "name" : "issue",
    "value" : "123"
  } ],
  "links" : [ ],
  "hidden" : false,
  "retry" : false,
  "extra" : {
    "severity" : "normal",
    "retries" : [ {
      "uid" : "504a4b9a5ce6b964",
      "status" : "failed",
      "statusDetails" : "AssertionError: 'Sample issue 20180615T1711' != '123'\n- Sample issue 20180615T1711\n+ 123\n\n",
      "time" : {
        "start" : 1591363735651,
        "stop" : 1591363738658,
        "duration" : 3007
      }
    }, {
      "uid" : "be2a26083ef3f328",
      "status" : "failed",
      "statusDetails" : "AssertionError: 'Sample issue 20180615T1711' != '123'\n- Sample issue 20180615T1711\n+ 123\n\n",
      "time" : {
        "start" : 1591351023025,
        "stop" : 1591351025499,
        "duration" : 2474
      }
    }, {
      "uid" : "56e99620cffc8320",
      "status" : "failed",
      "statusDetails" : "AssertionError: 'Sample issue 20180615T1711' != '123'\n- Sample issue 20180615T1711\n+ 123\n\n",
      "time" : {
        "start" : 1591262872878,
        "stop" : 1591262875219,
        "duration" : 2341
      }
    }, {
      "uid" : "7f2845fc739eaa53",
      "status" : "failed",
      "statusDetails" : "AssertionError: 'Sample issue 20180615T1711' != '123'\n- Sample issue 20180615T1711\n+ 123\n\n",
      "time" : {
        "start" : 1591196831019,
        "stop" : 1591196833899,
        "duration" : 2880
      }
    }, {
      "uid" : "916e27eac84af14c",
      "status" : "broken",
      "statusDetails" : "selenium.common.exceptions.TimeoutException: Message: timeout: Timed out receiving message from renderer: 30.000\n  (Session info: chrome=83.0.4103.61)\n\n",
      "time" : {
        "start" : 1591194832160,
        "stop" : 1591194862169,
        "duration" : 30009
      }
    }, {
      "uid" : "72e703d8aeb00063",
      "status" : "failed",
      "statusDetails" : "AssertionError: 'Sample issue 20180615T1711' != '123'\n- Sample issue 20180615T1711\n+ 123\n\n",
      "time" : {
        "start" : 1590743333805,
        "stop" : 1590743336848,
        "duration" : 3043
      }
    }, {
      "uid" : "69b0fb81f1ea31b9",
      "status" : "failed",
      "statusDetails" : "AssertionError: 'Sample issue 20180615T1711' != '123'\n- Sample issue 20180615T1711\n+ 123\n\n",
      "time" : {
        "start" : 1590682944464,
        "stop" : 1590682946816,
        "duration" : 2352
      }
    }, {
      "uid" : "82f7d02d79bd5ec0",
      "status" : "failed",
      "statusDetails" : "AssertionError: 'Sample issue 20180615T1711' != '123'\n- Sample issue 20180615T1711\n+ 123\n\n",
      "time" : {
        "start" : 1590682794371,
        "stop" : 1590682796309,
        "duration" : 1938
      }
    } ],
    "categories" : [ {
      "name" : "Product defects",
      "matchedStatuses" : [ ],
      "flaky" : false
    } ],
    "tags" : [ "build-test", "pass", "web" ]
  },
  "source" : "ff6b299f4739daa8.json",
  "parameterValues" : [ "123" ]
}